Loading latest experiment, id=1
Loading rl-trained-agents/a2c/BreakoutNoFrameskip-v4_1/BreakoutNoFrameskip-v4.zip
Stacking 4 frames
Atari Episode Score: 100.00
Atari Episode Length 4640
Atari Episode Score: 327.00
Atari Episode Length 7838
Atari Episode Score: 326.00
Atari Episode Length 6463
Atari Episode Score: 316.00
Atari Episode Length 9233
Atari Episode Score: 36.00
Atari Episode Length 3435
Atari Episode Score: 416.00
Atari Episode Length 10552
Atari Episode Score: 199.00
Atari Episode Length 6427
Atari Episode Score: 82.00
Atari Episode Length 5034
Atari Episode Score: 23.00
Atari Episode Length 2786
Atari Episode Score: 420.00
Atari Episode Length 11229
Atari Episode Score: 339.00
Atari Episode Length 7794
Atari Episode Score: 386.00
Atari Episode Length 8687
Atari Episode Score: 307.00
Atari Episode Length 7579
Atari Episode Score: 174.00
Atari Episode Length 5977
Atari Episode Score: 54.00
Atari Episode Length 3370
Atari Episode Score: 44.00
Atari Episode Length 5132
Atari Episode Score: 395.00
Atari Episode Length 7809
Atari Episode Score: 361.00
Atari Episode Length 8475
Atari Episode Score: 400.00
Atari Episode Length 9589
Atari Episode Score: 231.00
Atari Episode Length 7368
Atari Episode Score: 353.00
Atari Episode Length 9186
Atari Episode Score: 328.00
Atari Episode Length 8136
Atari Episode Score: 110.00
Atari Episode Length 5487
Atari Episode Score: 407.00
Atari Episode Length 9849
Atari Episode Score: 328.00
Atari Episode Length 7579
Atari Episode Score: 128.00
Atari Episode Length 5817
Atari Episode Score: 420.00
Atari Episode Length 11232
Atari Episode Score: 421.00
Atari Episode Length 9239
Atari Episode Score: 22.00
Atari Episode Length 2655
Atari Episode Score: 424.00
Atari Episode Length 10592
Atari Episode Score: 361.00
Atari Episode Length 8332
Atari Episode Score: 149.00
Atari Episode Length 7415
Atari Episode Score: 343.00
Atari Episode Length 6903
Atari Episode Score: 390.00
Atari Episode Length 7873
Atari Episode Score: 335.00
Atari Episode Length 7381
Atari Episode Score: 179.00
Atari Episode Length 6465
Atari Episode Score: 257.00
Atari Episode Length 8692
Atari Episode Score: 374.00
Atari Episode Length 7367
Atari Episode Score: 176.00
Atari Episode Length 6168
Atari Episode Score: 351.00
Atari Episode Length 8635
Atari Episode Score: 230.00
Atari Episode Length 7006
Atari Episode Score: 399.00
Atari Episode Length 9379
Atari Episode Score: 71.00
Atari Episode Length 4209
Atari Episode Score: 67.00
Atari Episode Length 4165
Atari Episode Score: 322.00
Atari Episode Length 8435
Atari Episode Score: 292.00
Atari Episode Length 8208
Atari Episode Score: 94.00
Atari Episode Length 4811
Atari Episode Score: 381.00
Atari Episode Length 6962
Atari Episode Score: 304.00
Atari Episode Length 8112
Atari Episode Score: 146.00
Atari Episode Length 6207
Atari Episode Score: 398.00
Atari Episode Length 7648
Atari Episode Score: 135.00
Atari Episode Length 5527
Atari Episode Score: 248.00
Atari Episode Length 5478
Atari Episode Score: 264.00
Atari Episode Length 8904
Atari Episode Score: 214.00
Atari Episode Length 6897
Time taken: 3366.03 seconds
fps: 29.71
Loading latest experiment, id=1
Loading rl-trained-agents/dqn/BreakoutNoFrameskip-v4_1/BreakoutNoFrameskip-v4.zip
Stacking 4 frames
Atari Episode Score: 386.00
Atari Episode Length 7878
Atari Episode Score: 374.00
Atari Episode Length 9586
Atari Episode Score: 393.00
Atari Episode Length 10572
Atari Episode Score: 353.00
Atari Episode Length 7699
Atari Episode Score: 381.00
Atari Episode Length 16810
Atari Episode Score: 391.00
Atari Episode Length 19919
Atari Episode Score: 365.00
Atari Episode Length 7114
Atari Episode Score: 317.00
Atari Episode Length 7740
Atari Episode Score: 368.00
Atari Episode Length 8009
Atari Episode Score: 236.00
Atari Episode Length 5078
Atari Episode Score: 304.00
Atari Episode Length 10923
Atari Episode Score: 381.00
Atari Episode Length 32541
Atari Episode Score: 372.00
Atari Episode Length 7912
Atari Episode Score: 389.00
Atari Episode Length 9631
Atari Episode Score: 369.00
Atari Episode Length 7723
Atari Episode Score: 409.00
Atari Episode Length 8221
Atari Episode Score: 372.00
Atari Episode Length 8943
Atari Episode Score: 402.00
Atari Episode Length 13364
Atari Episode Score: 328.00
Atari Episode Length 6389
Atari Episode Score: 392.00
Atari Episode Length 8563
Atari Episode Score: 314.00
Atari Episode Length 6486
Atari Episode Score: 421.00
Atari Episode Length 8957
Atari Episode Score: 340.00
Atari Episode Length 17793
Atari Episode Score: 393.00
Atari Episode Length 7841
Atari Episode Score: 310.00
Atari Episode Length 28596
Atari Episode Score: 401.00
Atari Episode Length 7886
Atari Episode Score: 400.00
Atari Episode Length 7494
Atari Episode Score: 375.00
Atari Episode Length 8694
Atari Episode Score: 374.00
Atari Episode Length 8101
Atari Episode Score: 387.00
Atari Episode Length 8575
Atari Episode Score: 391.00
Atari Episode Length 10296
Atari Episode Score: 322.00
Atari Episode Length 11413
Atari Episode Score: 413.00
Atari Episode Length 19353
Atari Episode Score: 347.00
Atari Episode Length 8703
Atari Episode Score: 368.00
Atari Episode Length 9064
Atari Episode Score: 366.00
Atari Episode Length 8594
Atari Episode Score: 418.00
Atari Episode Length 8297
Time taken: 3317.30 seconds
fps: 30.15
Loading latest experiment, id=1
Loading rl-trained-agents/ppo/BreakoutNoFrameskip-v4_1/BreakoutNoFrameskip-v4.zip
Stacking 4 frames
Atari Episode Score: 415.00
Atari Episode Length 9625
Atari Episode Score: 404.00
Atari Episode Length 9641
Atari Episode Score: 411.00
Atari Episode Length 7715
Atari Episode Score: 359.00
Atari Episode Length 7625
Atari Episode Score: 416.00
Atari Episode Length 8486
Atari Episode Score: 422.00
Atari Episode Length 9109
Atari Episode Score: 405.00
Atari Episode Length 9628
Atari Episode Score: 397.00
Atari Episode Length 8012
Atari Episode Score: 403.00
Atari Episode Length 7260
Atari Episode Score: 318.00
Atari Episode Length 7020
Atari Episode Score: 320.00
Atari Episode Length 7000
Atari Episode Score: 365.00
Atari Episode Length 8334
Atari Episode Score: 361.00
Atari Episode Length 7554
Atari Episode Score: 401.00
Atari Episode Length 9194
Atari Episode Score: 417.00
Atari Episode Length 7236
Atari Episode Score: 410.00
Atari Episode Length 8842
Atari Episode Score: 376.00
Atari Episode Length 7692
Atari Episode Score: 412.00
Atari Episode Length 8209
Atari Episode Score: 389.00
Atari Episode Length 8750
Atari Episode Score: 325.00
Atari Episode Length 7047
Atari Episode Score: 409.00
Atari Episode Length 10587
Atari Episode Score: 458.00
Atari Episode Length 16943
Atari Episode Score: 408.00
Atari Episode Length 8804
Atari Episode Score: 391.00
Atari Episode Length 7174
Atari Episode Score: 403.00
Atari Episode Length 18332
Atari Episode Score: 321.00
Atari Episode Length 10441
Atari Episode Score: 390.00
Atari Episode Length 7777
Atari Episode Score: 398.00
Atari Episode Length 9200
Atari Episode Score: 425.00
Atari Episode Length 8740
Atari Episode Score: 400.00
Atari Episode Length 8574
Atari Episode Score: 420.00
Atari Episode Length 19195
Atari Episode Score: 403.00
Atari Episode Length 7364
Atari Episode Score: 403.00
Atari Episode Length 8694
Atari Episode Score: 398.00
Atari Episode Length 9893
Atari Episode Score: 378.00
Atari Episode Length 10537
Atari Episode Score: 382.00
Atari Episode Length 9735
Atari Episode Score: 201.00
Atari Episode Length 6407
Atari Episode Score: 146.00
Atari Episode Length 5904
Atari Episode Score: 417.00
Atari Episode Length 9245
Atari Episode Score: 415.00
Atari Episode Length 10419
Atari Episode Score: 265.00
Atari Episode Length 8018
Atari Episode Score: 403.00
Atari Episode Length 9633
Time taken: 3325.68 seconds
fps: 30.07
Loading latest experiment, id=1
Loading rl-trained-agents/qrdqn/BreakoutNoFrameskip-v4_1/BreakoutNoFrameskip-v4.zip
Stacking 4 frames
Atari Episode Score: 420.00
Atari Episode Length 23485
Atari Episode Score: 422.00
Atari Episode Length 20460
Atari Episode Score: 320.00
Atari Episode Length 9876
Atari Episode Score: 427.00
Atari Episode Length 9712
Atari Episode Score: 389.00
Atari Episode Length 108000
Atari Episode Score: 421.00
Atari Episode Length 10583
Atari Episode Score: 427.00
Atari Episode Length 18792
Atari Episode Score: 409.00
Atari Episode Length 14116
Atari Episode Score: 406.00
Atari Episode Length 14738
Atari Episode Score: 320.00
Atari Episode Length 5836
Atari Episode Score: 477.00
Atari Episode Length 20139
Atari Episode Score: 420.00
Atari Episode Length 17817
Atari Episode Score: 399.00
Atari Episode Length 10286
Atari Episode Score: 418.00
Atari Episode Length 21398
Atari Episode Score: 424.00
Atari Episode Length 30311
Atari Episode Score: 432.00
Atari Episode Length 10699
Atari Episode Score: 320.00
Atari Episode Length 5855
Atari Episode Score: 417.00
Atari Episode Length 11057
Atari Episode Score: 537.00
Atari Episode Length 20945
Atari Episode Score: 369.00
Atari Episode Length 15647
Time taken: 3331.27 seconds
fps: 30.02
